{"name":"Initialisation","id":"com.arbusta.Unidad3.Test.TestBrowsing2:Initialisation","testCaseName":"com.arbusta.Unidad3.Test.TestBrowsing2","userStory":{"id":"com.arbusta.Unidad3.Test.TestBrowsing2","storyName":"Test browsing2","storyClassName":"com.arbusta.Unidad3.Test.TestBrowsing2","path":"","type":"story"},"featureTag":{"name":"Test browsing2","type":"story","displayName":"Test browsing2"},"title":"Initialisation","tags":[{"name":"Test browsing2","type":"story","displayName":"Test browsing2"}],"startTime":"2020-09-22T18:53:03.892-03:00[America/Buenos_Aires]","duration":0,"testFailureCause":{"errorType":"net.thucydides.core.pages.WrongPageError","message":"The page object class com.arbusta.Unidad3.PageObjects.Home could not be instantiated:\nFailed to instantiate page (java.lang.Error: Unresolved compilation problem: \n\tDefaultUrl cannot be resolved to a type\n)","stackTrace":[{"declaringClass":"org.eclipse.jdt.internal.junit4.runner.JUnit4TestReference","methodName":"run","fileName":"JUnit4TestReference.java","lineNumber":89},{"declaringClass":"org.eclipse.jdt.internal.junit.runner.TestExecution","methodName":"run","fileName":"TestExecution.java","lineNumber":41},{"declaringClass":"org.eclipse.jdt.internal.junit.runner.RemoteTestRunner","methodName":"runTests","fileName":"RemoteTestRunner.java","lineNumber":541},{"declaringClass":"org.eclipse.jdt.internal.junit.runner.RemoteTestRunner","methodName":"runTests","fileName":"RemoteTestRunner.java","lineNumber":763},{"declaringClass":"org.eclipse.jdt.internal.junit.runner.RemoteTestRunner","methodName":"run","fileName":"RemoteTestRunner.java","lineNumber":463},{"declaringClass":"org.eclipse.jdt.internal.junit.runner.RemoteTestRunner","methodName":"main","fileName":"RemoteTestRunner.java","lineNumber":209}]},"testFailureClassname":"net.thucydides.core.pages.WrongPageError","testFailureMessage":"The page object class com.arbusta.Unidad3.PageObjects.Home could not be instantiated:\nFailed to instantiate page (java.lang.Error: Unresolved compilation problem: \n\tDefaultUrl cannot be resolved to a type\n)","testFailureSummary":"FAILURE;net.thucydides.core.pages.WrongPageError;The page object class com.arbusta.Unidad3.PageObjects.Home could not be instantiated:\nFailed to instantiate page (java.lang.Error: Unresolved compilation problem: \n\tDefaultUrl cannot be resolved to a type\n);JUnit4TestReference.java","projectKey":"","annotatedResult":"FAILURE","isManualTestingUpToDate":false,"manual":false,"testSource":"JUnit","order":0,"result":"FAILURE"}