<?xml version="1.0" encoding="UTF-8"?><testsuite errors="0" failures="1" name="com.arbusta.Unidad3.Test.TestBrowsing2" skipped="0" tests="1" time="0.0" timestamp="2020-09-22 06:53:03"><testcase classname="com.arbusta.Unidad3.Test.TestBrowsing2" name="Initialisation"><failure message="The page object class com.arbusta.Unidad3.PageObjects.Home could not be instantiated:&#10;Failed to instantiate page (java.lang.Error: Unresolved compilation problem: &#10;&#9;DefaultUrl cannot be resolved to a type&#10;)" type="net.thucydides.core.pages.WrongPageError">The page object class com.arbusta.Unidad3.PageObjects.Home could not be instantiated:
Failed to instantiate page (java.lang.Error: Unresolved compilation problem: 
	DefaultUrl cannot be resolved to a type
)</failure><system-err>The page object class com.arbusta.Unidad3.PageObjects.Home could not be instantiated:
Failed to instantiate page (java.lang.Error: Unresolved compilation problem: 
	DefaultUrl cannot be resolved to a type
)&#13;
org.eclipse.jdt.internal.junit4.runner.JUnit4TestReference.run(JUnit4TestReference.java:89)&#13;
org.eclipse.jdt.internal.junit.runner.TestExecution.run(TestExecution.java:41)&#13;
org.eclipse.jdt.internal.junit.runner.RemoteTestRunner.runTests(RemoteTestRunner.java:541)&#13;
org.eclipse.jdt.internal.junit.runner.RemoteTestRunner.runTests(RemoteTestRunner.java:763)&#13;
org.eclipse.jdt.internal.junit.runner.RemoteTestRunner.run(RemoteTestRunner.java:463)&#13;
org.eclipse.jdt.internal.junit.runner.RemoteTestRunner.main(RemoteTestRunner.java:209)&#13;
</system-err></testcase></testsuite>